<?xml version="1.0" encoding="UTF-8"?>
<Site BuildName="Darwin-c++"
	BuildStamp="20240131-0349-Experimental"
	Name="ZEN-MACBOOK-31"
	Generator="ctest-3.27.1"
	CompilerName="/Library/Developer/CommandLineTools/usr/bin/c++"
	CompilerVersion="14.0.3.14030022"
	OSName="macOS"
	Hostname="ZEN-MACBOOK-31"
	OSRelease="14.3"
	OSVersion="23D56"
	OSPlatform="arm64"
	Is64Bits="1"
	VendorString="IBM"
	VendorID="IBM"
	FamilyID="16777228"
	ModelID="2"
	ProcessorCacheSize="131072"
	NumberOfLogicalCPU="8"
	NumberOfPhysicalCPU="8"
	TotalVirtualMemory="0"
	TotalPhysicalMemory="16384"
	LogicalProcessorsPerPhysical="8"
	ProcessorClockFrequency="0"
	>
	<Configure>
		<StartDateTime>Jan 31 14:49 AEDT</StartDateTime>
		<StartConfigureTime>1706672944</StartConfigureTime>
		<ConfigureCommand>"/opt/homebrew/Cellar/cmake/3.27.1/bin/cmake" "/Users/admin/Documents/learning/cmake-3.28.2-tutorial-source/Step6"</ConfigureCommand>
		<Log>-- Configuring done (0.1s)
-- Generating done (0.3s)
-- Build files have been written to: /Users/admin/Documents/learning/cmake-3.28.2-tutorial-source/Step6/Step6_Build
</Log>
		<ConfigureStatus>0</ConfigureStatus>
		<EndDateTime>Jan 31 14:49 AEDT</EndDateTime>
		<EndConfigureTime>1706672945</EndConfigureTime>
		<ElapsedMinutes>0</ElapsedMinutes>
	</Configure>
</Site>
