<?xml version="1.0" encoding="UTF-8"?>
<Site BuildName="Darwin-c++"
	BuildStamp="20240131-0349-Experimental"
	Name="ZEN-MACBOOK-31"
	Generator="ctest-3.27.1"
	CompilerName="/Library/Developer/CommandLineTools/usr/bin/c++"
	CompilerVersion="14.0.3.14030022"
	OSName="macOS"
	Hostname="ZEN-MACBOOK-31"
	OSRelease="14.3"
	OSVersion="23D56"
	OSPlatform="arm64"
	Is64Bits="1"
	VendorString="IBM"
	VendorID="IBM"
	FamilyID="16777228"
	ModelID="2"
	ProcessorCacheSize="131072"
	NumberOfLogicalCPU="8"
	NumberOfPhysicalCPU="8"
	TotalVirtualMemory="0"
	TotalPhysicalMemory="16384"
	LogicalProcessorsPerPhysical="8"
	ProcessorClockFrequency="0"
	>
	<Testing>
		<StartDateTime>Jan 31 14:49 AEDT</StartDateTime>
		<StartTestTime>1706672945</StartTestTime>
		<TestList>
			<Test>./Runs</Test>
			<Test>./Usage</Test>
			<Test>./Comp4</Test>
			<Test>./Comp9</Test>
			<Test>./Comp5</Test>
			<Test>./Comp7</Test>
			<Test>./Comp25</Test>
			<Test>./Comp-25</Test>
			<Test>./Comp0.0001</Test>
		</TestList>
		<Test Status="passed">
			<Name>Runs</Name>
			<Path>.</Path>
			<FullName>./Runs</FullName>
			<FullCommandLine>/Users/admin/Documents/learning/cmake-3.28.2-tutorial-source/Step6/Step6_Build/Tutorial "25"</FullCommandLine>
			<Results>
				<NamedMeasurement type="numeric/double" name="Execution Time">
					<Value>0.29868</Value>
				</NamedMeasurement>
				<NamedMeasurement type="numeric/double" name="Processors">
					<Value>1</Value>
				</NamedMeasurement>
				<NamedMeasurement type="text/string" name="Completion Status">
					<Value>Completed</Value>
				</NamedMeasurement>
				<NamedMeasurement type="text/string" name="Command Line">
					<Value>/Users/admin/Documents/learning/cmake-3.28.2-tutorial-source/Step6/Step6_Build/Tutorial "25"</Value>
				</NamedMeasurement>
				<NamedMeasurement type="text/string" name="Environment">
					<Value>#CTEST_RESOURCE_GROUP_COUNT=</Value>
				</NamedMeasurement>
				<Measurement>
					<Value encoding="base64" compression="gzip">eJxzzs8tKC3JzEtXKC4sKlHIT1MwMlUoyVdISlUwNOZyxi1rrmdiZmhqgk+JqZ6JgZkBXlNM9QwMTY1MCSgBAiO8SgZEMiQjFShcmliUqlCUnw+TzSwGSgEABxhrWQ==</Value>
				</Measurement>
			</Results>
		</Test>
		<Test Status="passed">
			<Name>Usage</Name>
			<Path>.</Path>
			<FullName>./Usage</FullName>
			<FullCommandLine>/Users/admin/Documents/learning/cmake-3.28.2-tutorial-source/Step6/Step6_Build/Tutorial</FullCommandLine>
			<Results>
				<NamedMeasurement type="text/string" name="Exit Code">
					<Value>Completed</Value>
				</NamedMeasurement>
				<NamedMeasurement type="text/string" name="Exit Value">
					<Value>1</Value>
				</NamedMeasurement>
				<NamedMeasurement type="numeric/double" name="Execution Time">
					<Value>0.00473675</Value>
				</NamedMeasurement>
				<NamedMeasurement type="text/string" name="Pass Reason">
					<Value>Required regular expression found. Regex=[Usage:.*number]</Value>
				</NamedMeasurement>
				<NamedMeasurement type="numeric/double" name="Processors">
					<Value>1</Value>
				</NamedMeasurement>
				<NamedMeasurement type="text/string" name="Completion Status">
					<Value>Completed</Value>
				</NamedMeasurement>
				<NamedMeasurement type="text/string" name="Command Line">
					<Value>/Users/admin/Documents/learning/cmake-3.28.2-tutorial-source/Step6/Step6_Build/Tutorial</Value>
				</NamedMeasurement>
				<NamedMeasurement type="text/string" name="Environment">
					<Value>#CTEST_RESOURCE_GROUP_COUNT=</Value>
				</NamedMeasurement>
				<Measurement>
					<Value encoding="base64" compression="gzip">eJy1jUEKAjEMAO/7in6gja4g4lH8ge5eJXbDEmxTSZr/K6xf8DKnYQYmIzXApbLAtWWvJN2gEKqwrJArvige0nhKY+zemzKWaM01E9w6vY8bHxfnssD9Z4T5W+UmYZ92w2S40jnAn1bi9Uk6fACKMUfq====</Value>
				</Measurement>
			</Results>
		</Test>
		<Test Status="passed">
			<Name>Comp4</Name>
			<Path>.</Path>
			<FullName>./Comp4</FullName>
			<FullCommandLine>/Users/admin/Documents/learning/cmake-3.28.2-tutorial-source/Step6/Step6_Build/Tutorial "4"</FullCommandLine>
			<Results>
				<NamedMeasurement type="numeric/double" name="Execution Time">
					<Value>0.00390996</Value>
				</NamedMeasurement>
				<NamedMeasurement type="text/string" name="Pass Reason">
					<Value>Required regular expression found. Regex=[4 is 2]</Value>
				</NamedMeasurement>
				<NamedMeasurement type="numeric/double" name="Processors">
					<Value>1</Value>
				</NamedMeasurement>
				<NamedMeasurement type="text/string" name="Completion Status">
					<Value>Completed</Value>
				</NamedMeasurement>
				<NamedMeasurement type="text/string" name="Command Line">
					<Value>/Users/admin/Documents/learning/cmake-3.28.2-tutorial-source/Step6/Step6_Build/Tutorial "4"</Value>
				</NamedMeasurement>
				<NamedMeasurement type="text/string" name="Environment">
					<Value>#CTEST_RESOURCE_GROUP_COUNT=</Value>
				</NamedMeasurement>
				<Measurement>
					<Value encoding="base64" compression="gzip">eJxzzs8tKC3JzEtXKC4sKlHIT1MwUSjJV0hKVTDSM+VyxiNrQEDawMDMEJ+KISMXkpEKFC1NLEpVKMrPh0pmFgNlAM6KZkk=</Value>
				</Measurement>
			</Results>
		</Test>
		<Test Status="passed">
			<Name>Comp9</Name>
			<Path>.</Path>
			<FullName>./Comp9</FullName>
			<FullCommandLine>/Users/admin/Documents/learning/cmake-3.28.2-tutorial-source/Step6/Step6_Build/Tutorial "9"</FullCommandLine>
			<Results>
				<NamedMeasurement type="numeric/double" name="Execution Time">
					<Value>0.00423658</Value>
				</NamedMeasurement>
				<NamedMeasurement type="text/string" name="Pass Reason">
					<Value>Required regular expression found. Regex=[9 is 3]</Value>
				</NamedMeasurement>
				<NamedMeasurement type="numeric/double" name="Processors">
					<Value>1</Value>
				</NamedMeasurement>
				<NamedMeasurement type="text/string" name="Completion Status">
					<Value>Completed</Value>
				</NamedMeasurement>
				<NamedMeasurement type="text/string" name="Command Line">
					<Value>/Users/admin/Documents/learning/cmake-3.28.2-tutorial-source/Step6/Step6_Build/Tutorial "9"</Value>
				</NamedMeasurement>
				<NamedMeasurement type="text/string" name="Environment">
					<Value>#CTEST_RESOURCE_GROUP_COUNT=</Value>
				</NamedMeasurement>
				<Measurement>
					<Value encoding="base64" compression="gzip">eJxzzs8tKC3JzEtXKC4sKlHIT1OwVCjJV0hKVTDlcsYpZ6xnglfWwMjY1Bi/CiCwxKdiUMmFZKQCRUsTi1IVivLzoZKZxUAZAADwZyY=</Value>
				</Measurement>
			</Results>
		</Test>
		<Test Status="passed">
			<Name>Comp5</Name>
			<Path>.</Path>
			<FullName>./Comp5</FullName>
			<FullCommandLine>/Users/admin/Documents/learning/cmake-3.28.2-tutorial-source/Step6/Step6_Build/Tutorial "5"</FullCommandLine>
			<Results>
				<NamedMeasurement type="numeric/double" name="Execution Time">
					<Value>0.00389021</Value>
				</NamedMeasurement>
				<NamedMeasurement type="text/string" name="Pass Reason">
					<Value>Required regular expression found. Regex=[5 is 2.236]</Value>
				</NamedMeasurement>
				<NamedMeasurement type="numeric/double" name="Processors">
					<Value>1</Value>
				</NamedMeasurement>
				<NamedMeasurement type="text/string" name="Completion Status">
					<Value>Completed</Value>
				</NamedMeasurement>
				<NamedMeasurement type="text/string" name="Command Line">
					<Value>/Users/admin/Documents/learning/cmake-3.28.2-tutorial-source/Step6/Step6_Build/Tutorial "5"</Value>
				</NamedMeasurement>
				<NamedMeasurement type="text/string" name="Environment">
					<Value>#CTEST_RESOURCE_GROUP_COUNT=</Value>
				</NamedMeasurement>
				<Measurement>
					<Value encoding="base64" compression="gzip">eJxzzs8tKC3JzEtXKC4sKlHIT1MwVSjJV0hKVTDmcsYpZ6RnDAJ4VRgZWxgSUGBmYD6sVIRkpALlShOLUhWK8vOhSjKL4fIAuKZv4w==</Value>
				</Measurement>
			</Results>
		</Test>
		<Test Status="passed">
			<Name>Comp7</Name>
			<Path>.</Path>
			<FullName>./Comp7</FullName>
			<FullCommandLine>/Users/admin/Documents/learning/cmake-3.28.2-tutorial-source/Step6/Step6_Build/Tutorial "7"</FullCommandLine>
			<Results>
				<NamedMeasurement type="numeric/double" name="Execution Time">
					<Value>0.00376667</Value>
				</NamedMeasurement>
				<NamedMeasurement type="text/string" name="Pass Reason">
					<Value>Required regular expression found. Regex=[7 is 2.645]</Value>
				</NamedMeasurement>
				<NamedMeasurement type="numeric/double" name="Processors">
					<Value>1</Value>
				</NamedMeasurement>
				<NamedMeasurement type="text/string" name="Completion Status">
					<Value>Completed</Value>
				</NamedMeasurement>
				<NamedMeasurement type="text/string" name="Command Line">
					<Value>/Users/admin/Documents/learning/cmake-3.28.2-tutorial-source/Step6/Step6_Build/Tutorial "7"</Value>
				</NamedMeasurement>
				<NamedMeasurement type="text/string" name="Environment">
					<Value>#CTEST_RESOURCE_GROUP_COUNT=</Value>
				</NamedMeasurement>
				<Measurement>
					<Value encoding="base64" compression="gzip">eJxzzs8tKC3JzEtXKC4sKlHIT1MwVyjJV0hKVTDhcsYpZ6RnYW6KV97M1MTCEr8KE1Nzc4IqCNgyqFSEZKQC5UoTi1IVivLzoUoyi+HyAL6VcCs=</Value>
				</Measurement>
			</Results>
		</Test>
		<Test Status="passed">
			<Name>Comp25</Name>
			<Path>.</Path>
			<FullName>./Comp25</FullName>
			<FullCommandLine>/Users/admin/Documents/learning/cmake-3.28.2-tutorial-source/Step6/Step6_Build/Tutorial "25"</FullCommandLine>
			<Results>
				<NamedMeasurement type="numeric/double" name="Execution Time">
					<Value>0.0030315</Value>
				</NamedMeasurement>
				<NamedMeasurement type="text/string" name="Pass Reason">
					<Value>Required regular expression found. Regex=[25 is 5]</Value>
				</NamedMeasurement>
				<NamedMeasurement type="numeric/double" name="Processors">
					<Value>1</Value>
				</NamedMeasurement>
				<NamedMeasurement type="text/string" name="Completion Status">
					<Value>Completed</Value>
				</NamedMeasurement>
				<NamedMeasurement type="text/string" name="Command Line">
					<Value>/Users/admin/Documents/learning/cmake-3.28.2-tutorial-source/Step6/Step6_Build/Tutorial "25"</Value>
				</NamedMeasurement>
				<NamedMeasurement type="text/string" name="Environment">
					<Value>#CTEST_RESOURCE_GROUP_COUNT=</Value>
				</NamedMeasurement>
				<Measurement>
					<Value encoding="base64" compression="gzip">eJxzzs8tKC3JzEtXKC4sKlHIT1MwMlUoyVdISlUwNOZyxi1rrmdiZmhqgk+JqZ6JgZkBXlNM9QwMTY1MCSgBAiO8SgZEMiQjFShcmliUqlCUnw+TzSwGSgEABxhrWQ==</Value>
				</Measurement>
			</Results>
		</Test>
		<Test Status="passed">
			<Name>Comp-25</Name>
			<Path>.</Path>
			<FullName>./Comp-25</FullName>
			<FullCommandLine>/Users/admin/Documents/learning/cmake-3.28.2-tutorial-source/Step6/Step6_Build/Tutorial "-25"</FullCommandLine>
			<Results>
				<NamedMeasurement type="numeric/double" name="Execution Time">
					<Value>0.00765162</Value>
				</NamedMeasurement>
				<NamedMeasurement type="text/string" name="Pass Reason">
					<Value>Required regular expression found. Regex=[-25 is (-nan|nan|0)]</Value>
				</NamedMeasurement>
				<NamedMeasurement type="numeric/double" name="Processors">
					<Value>1</Value>
				</NamedMeasurement>
				<NamedMeasurement type="text/string" name="Completion Status">
					<Value>Completed</Value>
				</NamedMeasurement>
				<NamedMeasurement type="text/string" name="Command Line">
					<Value>/Users/admin/Documents/learning/cmake-3.28.2-tutorial-source/Step6/Step6_Build/Tutorial "-25"</Value>
				</NamedMeasurement>
				<NamedMeasurement type="text/string" name="Environment">
					<Value>#CTEST_RESOURCE_GROUP_COUNT=</Value>
				</NamedMeasurement>
				<Measurement>
					<Value>The square root of -25 is 0
</Value>
				</Measurement>
			</Results>
		</Test>
		<Test Status="passed">
			<Name>Comp0.0001</Name>
			<Path>.</Path>
			<FullName>./Comp0.0001</FullName>
			<FullCommandLine>/Users/admin/Documents/learning/cmake-3.28.2-tutorial-source/Step6/Step6_Build/Tutorial "0.0001"</FullCommandLine>
			<Results>
				<NamedMeasurement type="numeric/double" name="Execution Time">
					<Value>0.00313379</Value>
				</NamedMeasurement>
				<NamedMeasurement type="text/string" name="Pass Reason">
					<Value>Required regular expression found. Regex=[0.0001 is 0.01]</Value>
				</NamedMeasurement>
				<NamedMeasurement type="numeric/double" name="Processors">
					<Value>1</Value>
				</NamedMeasurement>
				<NamedMeasurement type="text/string" name="Completion Status">
					<Value>Completed</Value>
				</NamedMeasurement>
				<NamedMeasurement type="text/string" name="Command Line">
					<Value>/Users/admin/Documents/learning/cmake-3.28.2-tutorial-source/Step6/Step6_Build/Tutorial "0.0001"</Value>
				</NamedMeasurement>
				<NamedMeasurement type="text/string" name="Environment">
					<Value>#CTEST_RESOURCE_GROUP_COUNT=</Value>
				</NamedMeasurement>
				<Measurement>
					<Value encoding="base64" compression="gzip">eJyNzzEOgzAMheGdU/gE1bNDEnau0AsUKS0M4DaE+9cSCxsef71veaOu36Mt24f2X22kb8IDAFNTmopFtIrdeMckgsXhDEmSe4cUENA7YJCAwQM5Z/DggZxydHwB22d4zrAlsgd2z7nYerxqoap6Rct+ij99LXyL====</Value>
				</Measurement>
			</Results>
		</Test>
		<EndDateTime>Jan 31 14:49 AEDT</EndDateTime>
		<EndTestTime>1706672946</EndTestTime>
		<ElapsedMinutes>0</ElapsedMinutes>
	</Testing>
</Site>
